<?xml version="1.0" encoding="UTF-8"?>
<testsuite xmlns:xsi="http://www.w3.org/2001/XMLSchema-instance" xsi:noNamespaceSchemaLocation="https://maven.apache.org/surefire/maven-surefire-plugin/xsd/surefire-test-report-3.0.xsd" version="3.0" name="org.crypto.jpir.TestEncrypt" time="0.452" tests="1" errors="0" skipped="0" failures="0">
  <properties>
[...]
</properties>
  <testcase name="testPaillier" classname="org.crypto.jpir.TestEncrypt" time="0.421">
    <system-out><![CDATA[Testing PK:
Paillier, keySize=1024
P 179553309896067446165859020309012694553506808830582871673904739169400490553700717501716052491673271239121678290329505467578510039055503318903917567415387147879900550794932794476855405424687832573314030840320500598612051021825406273174709971592760597891632241587751333819645059179131203173231367299543068952487
C 54814451663733287536386022977285559681295770690863806013701461873478302041633685502574476194343269703577234901597942336374161924733441444894543979147160095506967083237297777139837931080451427877050318014137940171462886866461873677584894546241806289543870355136524062644597934620420700786004802024353174909002025594306322021526149569360301684350376234649535703103721015796470635796478128303694495299769419897737983315320937225492559017787764615206788992316711387995482848456308607242324824037872172814092716798009928425358305218091343927424181159934757227935110568964742289709741516623491506056211328633860291182642557
P2 179553309896067446165859020309012694553506808830582871673904739169400490553700717501716052491673271239121678290329505467578510039055503318903917567415387147879900550794932794476855405424687832573314030840320500598612051021825406273174709971592760597891632241587751333819645059179131203173231367299543068952487
Testing Additive Inverse Homomorphism:
Paillier, keySize=1024
P1 50396065811495516669090676677231219764918259225583753067260020075574463101153379790046081473030716936196933852367299221301154595954739618916846972212553026884391411334177034009699260859429075282290595409846426147993840833489654893538136190493801688938552018643095109166297845256191670346428357153787808730072
C1 3891787728770947703166664483375183231533190906967749786906463944765095904743154472027894762073172791631114181865911558764347885690127374300727691028529778108028261278431332308641854519333016749691153637034105962251426549324468157047861952017969244613446256982633562210348740961487300541651762841162427370521454290112109572610847173280693626600395940314196632868385282144918445157617758618847845102018880202417845522236667255881433973513940713112788682982758456927220827769840191499275745106154870591503879798437407603416902378089778291077104335029884048916359896309794030242668657260745925142758816209840571130083062
C2 72410832288791307402048923599680477024395156891454632024198051980628486845717327257021925554283429738235167598995402487930562235253932152418083511764384504546638764914048570909051920367444717937656868920137082843556259807057365741052293857667283736989291757125789367442481437384553328026267670172020812636810576210765235678565115394437089846620913248578265897827725116382321932724633552916901208610947567078588199779628607825936304629003419234447625181939565626084226114644277254829339082848064840063535072382011318192565681795075786921495245264259517446759519776319471299631674795558155215077268622513117997163129078
P3 0
Testing Substracting Homomorphism:
Paillier, keySize=1024
P1 174810658947048730887733905520256222323330495209444178539904666249678162860047302722870532582609104923192926921305488769396256380596737860201324421489917757030859815121702891753910520128296301196241880038042183461189896328214333388869542614657264801781907398619638562230526349649458788093041336316833862399574
C1 35237761755561409157000141576828896090242567296759936864633048681442570350986305576720033209034832240799732338400873974098458251469162694488102707948487772260003133141767742716024723590252095062684686243465729237822249625772185116580109549563931312561631695015928377290168486819171564033221828622907832183261341399686949306882510365335808282809693732694477712779125942903535879601493612276600262782171908587330784066376916401899200293951480383470864500041467714300610161713368658399281956707529155444460955660343405973707133324172282978351692765114616258622708287819634208780122743259757891439376569317628064397630215
P2 151825235933788729421332631792368462731079741374266518479633254339500833977459635861874110228554974570759121158752697882692952271217411480910366536144459007421305195920918076823389035239915251348418938587052725957829224446935463908969675265547202578183555064321052690831302073025768253073765006433996001845459
C2 25841314494540578775655319597607671541405496248109372039116223601350536286440963118950960984341913853410257557974378308931788069651068734185115781941954327899436510736095748290497089875260792074219739646958200131941241134039389080049001660141804820000542353756168525086504014181871430294257283427260757778765745449138091558946763867955503235046772900434802403174594842853722140797420682501017910729955587241284632141333613393278585226623435791544665017671634187423150465189012829179719495106206362475885614845804738641427550282026650421303828535442274494364125222087250281642990265364971158112283631629510877621377125
P3 22985423013260001466401273727887759592250753835177660060271411910177328882587666860996422354054130352433805762552790886703304109379326379290957885345458749609554619200784814930521484888381049847822941450989457503360671881278869479899867349110062223598352334298585871399224276623690535019276329882837860554115
Testing Additive Homomorphism:
Paillier, keySize=1024
P1 164388464915642504490134929766911852574286952541534217846216608839546615787481071215619900428105037513285010240590401275832906868873554743654184820301679494060122384429802421362180137438004177209313151539124635978476538163042790917496531810151672648460213265470070463634328608854991161020328518315292427855275
C1 14396070631345666120214274277447651259206040525234622262479189749002638363100296650050450053225946627422676669709297382309399662260810418077881692868546212302624468058102388878475852093251803866730477499838393970680997541750236463607093764702286174019255905462772578863191107713593825963337019181307381285345580400223163875188465289401833979492143785130001621719408766715147267863188670902266244002440941965492918333120450744062336650499542311244991646391304838842008681068863111360616045920906637868130190446629506814904303843993631722362471611292339878637839777191330161764227224288986412717102793719424806916846893
P2 178068363938457198034456219424989763249338624731331077220600844580559840060526043414868609941987921935595345500004525923781896064778263477435976237486027548005541244103373368294222937717139750543856496567664099604909425548974417279707051841122469204933629864574068813505031393596035788262130484134741274174004
C2 72062140033448466840552077567145223176199075966822088731405624765778245517854371862578463396814024138130179156743722935661202405550708975288459033381871266995094816318956428596953841647450400159015261628413884308993340916910522625818137199159586053693707634323613694396622814234045564694928386535940363901418851771914453124709413325617822038314275129257416521175524227487222990439061184321497965451175879047844037960352459309288228954235916919591592560267727370092605210124204846514211099562759354979770976682849938765296971865591913171558660622050833522680942111671317940287957096948092789705318555598650343401179666
P3 69610798210659382004307935933248244143359007142012716539469197394997063182605418165255772263312189767897094181804422283442316576126027963973784838180210256720937310620372805689041949577359487214346386604269004568168121237660948647844063612123926104736924793636127906743637966147265032219032104421915587063692
Testing Mult Homomorphism by Constant:
Paillier, keySize=1024
P1 26162846792752501720113996944622159234810050973940688067487870878113675667088471306516612628912126871944008704640088758426191344510644194045406122091529075960752182061054224170138316883145601883854452891947287077332076885262013543887885033443515164140345109751983788000082403924208020634899541953085865094434
C1 4123673111568003702265459550227910657401271887518570537069380844167662688806213735467836713583920435155978830090629808715293690479243320403501320176269020581727046400208444606426391915122378293714179947176605728400573908971603818652247644397706155581287546851408276020133296816163951796968635627592875034269496168361201442058028479973269748641598989483304869117048177535382214045491476607113585465736563339268177115827421284372131446205937865808394409564417396267068283238117867903429428356674967046157557462626239087954787034339286061065294732241649136125109310766510257389959993073043193768173275122688317051042954
P2 101748280367361157802146921037746571479097392504080854435095119483986933526372644907892923501618933801291718644298021740845129694455729326106682124225608593686805711743173612218434627205790686108145825314809948996463728760503603925527909825413453230553562946340561984344486621368464313444727469023013528051016
C2 29041883476721264870731634876409443820940475363761251569038636444038692901708437788669388057568647869092353640755557631705742063600725753458221461166402066447665627995016816409553374954505647428806456029068045219474410302713669303504346521860393329058548830649106414535225404715164220696484270490180556578282112311931169090557489597568505695854469910019240289191396026491061564671207113039808057109806690056868011309125572033427091816497861712785388311386189538554359071392664727190935638700446319335084850510640000232813455979912547475558902100990980271690533462141508982679731319650046730298721220253071867511746797
P3 151687965272397528461950980152104760882854860365158673558636158943241348191209632443124199926450373505688741446739353771741549478697092359277025405186412147020888790732792551623554498521597328707172764794687706765130234175826013881676462950068829250554611191859886254843662693515109671736084243391740155275696
Testing Add and Multiply By Constant Homomorphism:
Paillier, keySize=1024
P1 1234
P2 2345
P3 4567
P4 5678
Firstmult            2893730
Firstmult (decr)     2893730
SecMult            25931426
Secmult (decr)     25931426
sum     28825156
realsum 28825156
]]></system-out>
  </testcase>
</testsuite>